0 verbose rootPath /Users/jsanders/Desktop/Projects/tf/terraform-generator
1 silly argv {
1 silly argv   _: [ 'create' ],
1 silly argv   lernaVersion: '5.1.1',
1 silly argv   '$0': '/usr/local/bin/lerna',
1 silly argv   name: 'setup',
1 silly argv   loc: './packages'
1 silly argv }
2 notice cli v5.1.1
3 verbose rootPath /Users/jsanders/Desktop/Projects/tf/terraform-generator
4 info versioning independent
5 error Error: canceled
5 error     at Interface.<anonymous> (/usr/local/lib/node_modules/lerna-cli/node_modules/read/lib/read.js:66:13)
5 error     at Interface.emit (node:events:527:28)
5 error     at Interface.[_ttyWrite] [as _ttyWrite] (node:internal/readline/interface:1117:18)
5 error     at ReadStream.onkeypress (node:internal/readline/interface:269:20)
5 error     at ReadStream.emit (node:events:527:28)
5 error     at emitKeys (node:internal/readline/utils:358:14)
5 error     at emitKeys.next (<anonymous>)
5 error     at ReadStream.onData (node:internal/readline/emitKeypressEvents:64:36)
5 error     at ReadStream.emit (node:events:527:28)
